<?xml version="1.0" encoding="UTF-8"?>
<!-- Generated by org.testng.reporters.JUnitXMLReporter -->
<testsuite hostname="DESKTOP-5A469I4" ignored="0" name="Default test" tests="3" failures="0" timestamp="22 Dec 2019 08:51:08 GMT" time="194.595" errors="0">
  <testcase name="user_AddNewRETC_076" time="40.709" classname="com.training.realestatete.tests.RealEstateTest_ComplecCases"/>
  <testcase name="multiple_NewFeature_079" time="32.285" classname="com.training.realestatete.tests.RealEstateTest_ComplecCases"/>
  <testcase name="property_Details_80" time="63.433" classname="com.training.realestatete.tests.RealEstateTest_ComplecCases"/>
</testsuite> <!-- Default test -->
