<?xml version="1.0" encoding="UTF-8"?>
<!-- Generated by org.testng.reporters.JUnitXMLReporter -->
<testsuite hostname="DESKTOP-5A469I4" ignored="0" name="Default test" tests="3" failures="0" timestamp="15 Dec 2019 19:11:19 GMT" time="273.555" errors="0">
  <testcase name="propertylinks_SearchRETC_039" time="66.625" classname="com.training.realestatete.tests.RealEstateTest_MediumCases"/>
  <testcase name="propertylinks_SearchRETC_046" time="44.242" classname="com.training.realestatete.tests.RealEstateTest_MediumCases"/>
  <testcase name="new_Feature_047" time="72.816" classname="com.training.realestatete.tests.RealEstateTest_MediumCases"/>
</testsuite> <!-- Default test -->
