<?xml version="1.0" encoding="UTF-8"?>
<testng-results skipped="0" failed="0" ignored="0" total="3" passed="3">
  <reporter-output>
  </reporter-output>
  <suite name="Default suite" duration-ms="106481" started-at="2019-12-08T19:01:47Z" finished-at="2019-12-08T19:03:33Z">
    <groups>
    </groups>
    <test name="Default test" duration-ms="106481" started-at="2019-12-08T19:01:47Z" finished-at="2019-12-08T19:03:33Z">
      <class name="com.training.sanity.tests.LoginTests">
        <test-method status="PASS" signature="setUpBeforeClass()[pri:0, instance:com.training.sanity.tests.LoginTests@e4c99457]" name="setUpBeforeClass" is-config="true" duration-ms="19" started-at="2019-12-08T19:01:47Z" finished-at="2019-12-08T19:01:47Z">
          <reporter-output>
          </reporter-output>
        </test-method> <!-- setUpBeforeClass -->
        <test-method status="PASS" signature="setUp()[pri:0, instance:com.training.sanity.tests.LoginTests@e4c99457]" name="setUp" is-config="true" duration-ms="14288" started-at="2019-12-08T19:01:47Z" finished-at="2019-12-08T19:02:01Z">
          <reporter-output>
          </reporter-output>
        </test-method> <!-- setUp -->
        <test-method status="PASS" signature="apartment_SearchRETC_009()[pri:1, instance:com.training.sanity.tests.LoginTests@e4c99457]" name="apartment_SearchRETC_009" duration-ms="25394" started-at="2019-12-08T19:02:01Z" finished-at="2019-12-08T19:02:27Z">
          <reporter-output>
          </reporter-output>
        </test-method> <!-- apartment_SearchRETC_009 -->
        <test-method status="PASS" signature="tearDown()[pri:0, instance:com.training.sanity.tests.LoginTests@e4c99457]" name="tearDown" is-config="true" duration-ms="1784" started-at="2019-12-08T19:02:27Z" finished-at="2019-12-08T19:02:28Z">
          <reporter-output>
          </reporter-output>
        </test-method> <!-- tearDown -->
        <test-method status="PASS" signature="setUp()[pri:0, instance:com.training.sanity.tests.LoginTests@e4c99457]" name="setUp" is-config="true" duration-ms="13676" started-at="2019-12-08T19:02:28Z" finished-at="2019-12-08T19:02:42Z">
          <reporter-output>
          </reporter-output>
        </test-method> <!-- setUp -->
        <test-method status="PASS" signature="dashboard_SearchRETC_011()[pri:2, instance:com.training.sanity.tests.LoginTests@e4c99457]" name="dashboard_SearchRETC_011" duration-ms="16141" started-at="2019-12-08T19:02:42Z" finished-at="2019-12-08T19:02:58Z">
          <reporter-output>
          </reporter-output>
        </test-method> <!-- dashboard_SearchRETC_011 -->
        <test-method status="PASS" signature="tearDown()[pri:0, instance:com.training.sanity.tests.LoginTests@e4c99457]" name="tearDown" is-config="true" duration-ms="1776" started-at="2019-12-08T19:02:58Z" finished-at="2019-12-08T19:03:00Z">
          <reporter-output>
          </reporter-output>
        </test-method> <!-- tearDown -->
        <test-method status="PASS" signature="setUp()[pri:0, instance:com.training.sanity.tests.LoginTests@e4c99457]" name="setUp" is-config="true" duration-ms="15000" started-at="2019-12-08T19:03:00Z" finished-at="2019-12-08T19:03:15Z">
          <reporter-output>
          </reporter-output>
        </test-method> <!-- setUp -->
        <test-method status="PASS" signature="userlinks_SearchRETC_022()[pri:4, instance:com.training.sanity.tests.LoginTests@e4c99457]" name="userlinks_SearchRETC_022" duration-ms="16440" started-at="2019-12-08T19:03:15Z" finished-at="2019-12-08T19:03:31Z">
          <reporter-output>
          </reporter-output>
        </test-method> <!-- userlinks_SearchRETC_022 -->
        <test-method status="PASS" signature="tearDown()[pri:0, instance:com.training.sanity.tests.LoginTests@e4c99457]" name="tearDown" is-config="true" duration-ms="1909" started-at="2019-12-08T19:03:31Z" finished-at="2019-12-08T19:03:33Z">
          <reporter-output>
          </reporter-output>
        </test-method> <!-- tearDown -->
      </class> <!-- com.training.sanity.tests.LoginTests -->
    </test> <!-- Default test -->
  </suite> <!-- Default suite -->
</testng-results>
